<?xml version="1.0" encoding="UTF-8"?>
<testng-results ignored="0" total="2" passed="2" failed="0" skipped="0">
  <reporter-output>
  </reporter-output>
  <suite started-at="2024-06-18T22:17:18 IST" name="Suite" finished-at="2024-06-18T22:18:33 IST" duration-ms="74398">
    <groups>
    </groups>
    <test started-at="2024-06-18T22:17:18 IST" name="Test" finished-at="2024-06-18T22:18:33 IST" duration-ms="74398">
      <class name="manojsharmaacademy.tests.StandAloneTest">
        <test-method is-config="true" signature="launchApplication()[pri:0, instance:manojsharmaacademy.tests.StandAloneTest@4135c3b]" started-at="2024-06-18T22:17:18 IST" name="launchApplication" finished-at="2024-06-18T22:17:50 IST" duration-ms="31674" status="PASS">
          <reporter-output>
          </reporter-output>
        </test-method> <!-- launchApplication -->
        <test-method signature="dummyTest()[pri:0, instance:manojsharmaacademy.tests.StandAloneTest@4135c3b]" started-at="2024-06-18T22:17:50 IST" name="dummyTest" finished-at="2024-06-18T22:17:50 IST" duration-ms="559" status="PASS">
          <reporter-output>
          </reporter-output>
        </test-method> <!-- dummyTest -->
        <test-method is-config="true" signature="tearDown()[pri:0, instance:manojsharmaacademy.tests.StandAloneTest@4135c3b]" started-at="2024-06-18T22:17:50 IST" name="tearDown" finished-at="2024-06-18T22:17:51 IST" duration-ms="187" status="PASS">
          <reporter-output>
          </reporter-output>
        </test-method> <!-- tearDown -->
        <test-method is-config="true" signature="launchApplication()[pri:0, instance:manojsharmaacademy.tests.StandAloneTest@4135c3b]" started-at="2024-06-18T22:17:51 IST" name="launchApplication" finished-at="2024-06-18T22:18:22 IST" duration-ms="31769" status="PASS">
          <reporter-output>
          </reporter-output>
        </test-method> <!-- launchApplication -->
        <test-method signature="submitOrder()[pri:0, instance:manojsharmaacademy.tests.StandAloneTest@4135c3b]" started-at="2024-06-18T22:18:22 IST" name="submitOrder" finished-at="2024-06-18T22:18:32 IST" duration-ms="9994" status="PASS">
          <reporter-output>
          </reporter-output>
        </test-method> <!-- submitOrder -->
        <test-method is-config="true" signature="tearDown()[pri:0, instance:manojsharmaacademy.tests.StandAloneTest@4135c3b]" started-at="2024-06-18T22:18:32 IST" name="tearDown" finished-at="2024-06-18T22:18:33 IST" duration-ms="154" status="PASS">
          <reporter-output>
          </reporter-output>
        </test-method> <!-- tearDown -->
      </class> <!-- manojsharmaacademy.tests.StandAloneTest -->
    </test> <!-- Test -->
  </suite> <!-- Suite -->
</testng-results>
